# JRE version: OpenJDK Runtime Environment (11.0.4+10) (build 11.0.4+10-b304.77)
# Java VM: OpenJDK 64-Bit Server VM (11.0.4+10-b304.77, mixed mode, tiered, compressed oops, g1 gc, linux-amd64)
Heap:
 garbage-first heap   total 524288K, used 289894K [0x00000000a2400000, 0x0000000100000000)
  region size 1024K, 7 young (7168K), 4 survivors (4096K)
 Metaspace       used 151433K, capacity 157652K, committed 157856K, reserved 1185792K
  class space    used 20008K, capacity 22555K, committed 22680K, reserved 1048576K
GC Heap History (10 events):
Event: 26.476 GC heap before
{Heap before GC invocations=24 (full 0):
 garbage-first heap   total 524288K, used 404552K [0x00000000a2400000, 0x0000000100000000)
  region size 1024K, 146 young (149504K), 15 survivors (15360K)
 Metaspace       used 135697K, capacity 141361K, committed 141728K, reserved 1171456K
  class space    used 18195K, capacity 20526K, committed 20632K, reserved 1048576K
}
Event: 26.484 GC heap after
{Heap after GC invocations=25 (full 0):
 garbage-first heap   total 524288K, used 271920K [0x00000000a2400000, 0x0000000100000000)
  region size 1024K, 2 young (2048K), 2 survivors (2048K)
 Metaspace       used 135697K, capacity 141361K, committed 141728K, reserved 1171456K
  class space    used 18195K, capacity 20526K, committed 20632K, reserved 1048576K
}
Event: 27.201 GC heap before
{Heap before GC invocations=25 (full 0):
 garbage-first heap   total 524288K, used 383536K [0x00000000a2400000, 0x0000000100000000)
  region size 1024K, 112 young (114688K), 2 survivors (2048K)
 Metaspace       used 137513K, capacity 143260K, committed 143392K, reserved 1171456K
  class space    used 18405K, capacity 20730K, committed 20760K, reserved 1048576K
}
Event: 27.207 GC heap after
{Heap after GC invocations=26 (full 0):
 garbage-first heap   total 524288K, used 273255K [0x00000000a2400000, 0x0000000100000000)
  region size 1024K, 4 young (4096K), 4 survivors (4096K)
 Metaspace       used 137513K, capacity 143260K, committed 143392K, reserved 1171456K
  class space    used 18405K, capacity 20730K, committed 20760K, reserved 1048576K
}
Event: 30.592 GC heap before
{Heap before GC invocations=27 (full 0):
 garbage-first heap   total 524288K, used 345959K [0x00000000a2400000, 0x0000000100000000)
  region size 1024K, 74 young (75776K), 4 survivors (4096K)
 Metaspace       used 146435K, capacity 152346K, committed 152608K, reserved 1179648K
  class space    used 19506K, capacity 21938K, committed 22040K, reserved 1048576K
}
Event: 30.608 GC heap after
{Heap after GC invocations=28 (full 0):
 garbage-first heap   total 524288K, used 284964K [0x00000000a2400000, 0x0000000100000000)
  region size 1024K, 14 young (14336K), 14 survivors (14336K)
 Metaspace       used 146435K, capacity 152346K, committed 152608K, reserved 1179648K
  class space    used 19506K, capacity 21938K, committed 22040K, reserved 1048576K
}
Event: 100.025 GC heap before
{Heap before GC invocations=29 (full 0):
 garbage-first heap   total 524288K, used 421156K [0x00000000a2400000, 0x0000000100000000)
  region size 1024K, 148 young (151552K), 14 survivors (14336K)
 Metaspace       used 150878K, capacity 157046K, committed 157216K, reserved 1183744K
  class space    used 19943K, capacity 22460K, committed 22552K, reserved 1048576K
}
Event: 100.030 GC heap after
{Heap after GC invocations=30 (full 0):
 garbage-first heap   total 524288K, used 279544K [0x00000000a2400000, 0x0000000100000000)
  region size 1024K, 4 young (4096K), 4 survivors (4096K)
 Metaspace       used 150878K, capacity 157046K, committed 157216K, reserved 1183744K
  class space    used 19943K, capacity 22460K, committed 22552K, reserved 1048576K
}
Event: 638.221 GC heap before
{Heap before GC invocations=30 (full 0):
 garbage-first heap   total 524288K, used 308216K [0x00000000a2400000, 0x0000000100000000)
  region size 1024K, 33 young (33792K), 4 survivors (4096K)
 Metaspace       used 151313K, capacity 157565K, committed 157728K, reserved 1185792K
  class space    used 19988K, capacity 22502K, committed 22552K, reserved 1048576K
}
Event: 638.226 GC heap after
{Heap after GC invocations=31 (full 0):
 garbage-first heap   total 524288K, used 279654K [0x00000000a2400000, 0x0000000100000000)
  region size 1024K, 4 young (4096K), 4 survivors (4096K)
 Metaspace       used 151313K, capacity 157565K, committed 157728K, reserved 1185792K
  class space    used 19988K, capacity 22502K, committed 22552K, reserved 1048576K
}

